<?xml version="1.0" encoding="UTF-8"?>
<!-- Generated by org.testng.reporters.JUnitReportReporter -->
<testsuite hostname="DESKTOP-6CA46IN" failures="0" tests="1" name="eCommerceProject.AmazonTest" time="157.803" errors="0" timestamp="2023-07-25T21:12:27 IST" skipped="0">
  <testcase classname="eCommerceProject.AmazonTest" name="Amazon" time="157.803"/>
  <system-out>
    <![CDATA[Openng Amazon]]>
  </system-out>
</testsuite> <!-- eCommerceProject.AmazonTest -->
